<?xml version="1.0" encoding="UTF-8"?>
<!-- Generated by org.testng.reporters.JUnitReportReporter -->
<testsuite hostname="DESKTOP-4CM2P5N" failures="0" tests="1" name="Runner.Runner" time="10.409" errors="0" timestamp="2024-03-08T17:23:21 IST" skipped="0">
  <testcase classname="Runner.Runner" name="runScenario" time="10.409"/>
  <system-out/>
</testsuite> <!-- Runner.Runner -->
