<?xml version="1.0" encoding="UTF-8"?>
<!-- Generated by org.testng.reporters.JUnitReportReporter -->
<testsuite hostname="DESKTOP-4CM2P5N" failures="0" tests="1" name="Runner.Runner" time="8.648" errors="0" timestamp="2024-03-12T13:11:46 IST" skipped="0">
  <testcase classname="Runner.Runner" name="runScenario" time="8.648"/>
  <system-out/>
</testsuite> <!-- Runner.Runner -->
